============================= test session starts =============================
platform win32 -- Python 3.11.9, pytest-9.0.2, pluggy-1.6.0
django: version: 5.2.11, settings: config.settings.development (from ini)
rootdir: D:\My Files\Graduation Project\safeweb-ai\backend
configfile: pytest.ini
plugins: django-4.12.0
collected 156 items

tests\test_base_tester.py .........                                      [  5%]
tests\test_crawler.py .........F.F..                                     [ 14%]
tests\test_misconfig_tester.py ...F...                                   [ 19%]
tests\test_orchestrator.py .....                                         [ 22%]
tests\test_payloads_and_registry.py ...................                  [ 34%]
tests\test_recon.py ......F..F......                                     [ 44%]
tests\test_scoring.py ............................                       [ 62%]
tests\test_testers_phase1.py ..F.............                            [ 73%]
tests\test_testers_phase2.py .........F.........                         [ 85%]
tests\test_testers_phase3_4.py .......................                   [100%]

================================== FAILURES ===================================
_______________ TestCrawlerNeedsJSRendering.test_spa_indicators _______________
tests\test_crawler.py:79: in test_spa_indicators
    assert crawler._needs_js_rendering(page2) is True
E   assert False is True
E    +  where False = _needs_js_rendering(Page(url='https://example.com', status_code=0, headers={}, cookies={}, body='<app-root ng-version="15">', forms=[], links=[], parameters={}, js_rendered=False))
E    +    where _needs_js_rendering = <apps.scanning.engine.crawler.WebCrawler object at 0x00000199188FEE50>._needs_js_rendering
___________ TestCrawlerNeedsJSRendering.test_js_rendering_disabled ____________
tests\test_crawler.py:91: in test_js_rendering_disabled
    assert crawler._needs_js_rendering(page) is False
E   assert True is False
E    +  where True = _needs_js_rendering(Page(url='https://example.com', status_code=0, headers={}, cookies={}, body='<div id="root"></div>', forms=[], links=[], parameters={}, js_rendered=False))
E    +    where _needs_js_rendering = <apps.scanning.engine.crawler.WebCrawler object at 0x00000199188FF350>._needs_js_rendering
__________________ TestMisconfigTester.test_detects_weak_csp __________________
tests\test_misconfig_tester.py:73: in test_detects_weak_csp
    assert len(csp_vulns) >= 1
E   assert 0 >= 1
E    +  where 0 = len([])
___________________ TestPortScanner.test_detects_open_port ____________________
tests\test_recon.py:81: in test_detects_open_port
    result = run_port_scan('https://example.com', 'shallow', timeout=0.1)
    ^^^^^^^^^^^^^^^^^^^^^^^
E   assert 22 in []
___________________ TestTechFingerprint.test_detects_react ____________________
tests\test_recon.py:119: in test_detects_react
    cookies={},
E   assert False
E    +  where False = any(<generator object TestTechFingerprint.test_detects_react.<locals>.<genexpr> at 0x0000019918A464D0>)
____________ TestSQLInjectionTester.test_detects_error_based_sqli _____________
C:\Users\omarr\AppData\Local\Programs\Python\Python311\Lib\unittest\mock.py:1375: in patched
    with self.decoration_helper(patched,
C:\Users\omarr\AppData\Local\Programs\Python\Python311\Lib\contextlib.py:137: in __enter__
    return next(self.gen)
           ^^^^^^^^^^^^^^
C:\Users\omarr\AppData\Local\Programs\Python\Python311\Lib\unittest\mock.py:1357: in decoration_helper
    arg = exit_stack.enter_context(patching)
          ^^^^^^^^^^^^^^^^^^^^^^^^^^^^^^^^^^
C:\Users\omarr\AppData\Local\Programs\Python\Python311\Lib\contextlib.py:517: in enter_context
    result = _enter(cm)
             ^^^^^^^^^^
C:\Users\omarr\AppData\Local\Programs\Python\Python311\Lib\unittest\mock.py:1446: in __enter__
    original, local = self.get_original()
                      ^^^^^^^^^^^^^^^^^^^
C:\Users\omarr\AppData\Local\Programs\Python\Python311\Lib\unittest\mock.py:1419: in get_original
    raise AttributeError(
E   AttributeError: <class 'unittest.mock.MagicMock'> does not have the attribute 'status_code'
_____ TestDeserializationTester.test_detects_java_serialization_in_cookie _____
tests\test_testers_phase2.py:116: in test_detects_java_serialization_in_cookie
    mock_resp.status_code = 200
E   assert 0 >= 1
E    +  where 0 = len([])
---------------------------- Captured stderr call -----------------------------
DEBUG 2026-03-04 08:38:08,196 base_tester 14236 3376 Request error: GET https://example.com/: HTTPSConnectionPool(host='example.com', port=443): Max retries exceeded with url: / (Caused by NewConnectionError("HTTPSConnection(host='example.com', port=443): Failed to establish a new connection: [WinError 10061] No connection could be made because the target machine actively refused it"))
============================== warnings summary ===============================
tests/test_testers_phase3_4.py::TestCloudStorageTester::test_detects_s3_reference
  D:\My Files\Graduation Project\safeweb-ai\.venv\Lib\site-packages\urllib3\connectionpool.py:1097: InsecureRequestWarning: Unverified HTTPS request is being made to host 'mybucket.s3.amazonaws.com'. Adding certificate verification is strongly advised. See: https://urllib3.readthedocs.io/en/latest/advanced-usage.html#tls-warnings
    warnings.warn(

-- Docs: https://docs.pytest.org/en/stable/how-to/capture-warnings.html
=========================== short test summary info ===========================
FAILED tests/test_crawler.py::TestCrawlerNeedsJSRendering::test_spa_indicators
FAILED tests/test_crawler.py::TestCrawlerNeedsJSRendering::test_js_rendering_disabled
FAILED tests/test_misconfig_tester.py::TestMisconfigTester::test_detects_weak_csp
FAILED tests/test_recon.py::TestPortScanner::test_detects_open_port - assert ...
FAILED tests/test_recon.py::TestTechFingerprint::test_detects_react - assert ...
FAILED tests/test_testers_phase1.py::TestSQLInjectionTester::test_detects_error_based_sqli
FAILED tests/test_testers_phase2.py::TestDeserializationTester::test_detects_java_serialization_in_cookie
============ 7 failed, 149 passed, 1 warning in 203.08s (0:03:23) =============
